<?xml version="1.0" encoding="UTF-8"?>
<testng-results ignored="0" total="1" passed="1" failed="0" skipped="0">
  <reporter-output>
  </reporter-output>
  <suite started-at="2021-12-31T14:43:10 IST" name="Surefire suite" finished-at="2021-12-31T14:43:11 IST" duration-ms="25">
    <groups>
    </groups>
    <test started-at="2021-12-31T14:43:10 IST" name="Surefire test" finished-at="2021-12-31T14:43:11 IST" duration-ms="25">
      <class name="com.mobileautomationframework.testscripts.AppTest">
        <test-method signature="shouldAnswerWithTrue()" started-at="2021-12-31T14:43:11 IST" name="shouldAnswerWithTrue" finished-at="2021-12-31T14:43:11 IST" duration-ms="3" status="PASS">
          <reporter-output>
          </reporter-output>
        </test-method> <!-- shouldAnswerWithTrue -->
      </class> <!-- com.mobileautomationframework.testscripts.AppTest -->
    </test> <!-- Surefire test -->
  </suite> <!-- Surefire suite -->
</testng-results>
