<?xml version="1.0" encoding="UTF-8"?>
<!-- Generated by org.testng.reporters.JUnitXMLReporter -->
<testsuite ignored="0" hostname="LAPTOP-MV6TKFCB" failures="1" tests="1" name="Test" time="12.403" errors="0" timestamp="2021-12-31T16:54:01 IST">
  <testcase classname="com.mobileautomationframework.testscripts.LoginTest" name="settingsTest" time="2.698">
    <failure type="java.lang.AssertionError" message="The entered text is NOT correct expected [Sm] but found [Smith]">
      <![CDATA[java.lang.AssertionError: The entered text is NOT correct expected [Sm] but found [Smith]
at com.mobileautomationframework.testscripts.LoginTest.settingsTest(LoginTest.java:20)
at java.base/java.util.ArrayList.forEach(ArrayList.java:1507)
... Removed 32 stack frames]]>
    </failure>
  </testcase> <!-- settingsTest -->
</testsuite> <!-- Test -->
