<?xml version="1.0" encoding="UTF-8"?>
<testng-results ignored="0" total="1" passed="1" failed="0" skipped="0">
  <reporter-output>
  </reporter-output>
  <suite started-at="2021-12-31T14:42:59 IST" name="Surefire suite" finished-at="2021-12-31T14:43:10 IST" duration-ms="10579">
    <groups>
    </groups>
    <test started-at="2021-12-31T14:42:59 IST" name="Surefire test" finished-at="2021-12-31T14:43:10 IST" duration-ms="10579">
      <class name="com.mobileautomationframework.testscripts.LoginTest">
        <test-method is-config="true" signature="reportSetup()[pri:0, instance:com.mobileautomationframework.testscripts.LoginTest@45dd4eda]" started-at="2021-12-31T14:42:59 IST" name="reportSetup" finished-at="2021-12-31T14:42:59 IST" duration-ms="7" status="PASS">
          <reporter-output>
          </reporter-output>
        </test-method> <!-- reportSetup -->
        <test-method is-config="true" signature="CreateDriver()[pri:0, instance:com.mobileautomationframework.testscripts.LoginTest@45dd4eda]" started-at="2021-12-31T14:42:59 IST" name="CreateDriver" finished-at="2021-12-31T14:43:09 IST" duration-ms="9152" status="PASS">
          <reporter-output>
          </reporter-output>
        </test-method> <!-- CreateDriver -->
        <test-method signature="settingsTest()[pri:0, instance:com.mobileautomationframework.testscripts.LoginTest@45dd4eda]" started-at="2021-12-31T14:43:09 IST" name="settingsTest" description="The First Test" finished-at="2021-12-31T14:43:09 IST" duration-ms="665" status="PASS">
          <reporter-output>
          </reporter-output>
        </test-method> <!-- settingsTest -->
        <test-method is-config="true" signature="reportClose()[pri:0, instance:com.mobileautomationframework.testscripts.LoginTest@45dd4eda]" started-at="2021-12-31T14:43:10 IST" name="reportClose" finished-at="2021-12-31T14:43:10 IST" duration-ms="0" status="PASS">
          <reporter-output>
          </reporter-output>
        </test-method> <!-- reportClose -->
      </class> <!-- com.mobileautomationframework.testscripts.LoginTest -->
    </test> <!-- Surefire test -->
  </suite> <!-- Surefire suite -->
</testng-results>
